Arguments: 
  /usr/bin/node /usr/share/yarn/bin/yarn.js add yargs inquirer

PATH: 
  /home/jim/.cargo/bin:/home/jim/.cargo/bin:/home/jim/bin:/home/jim/.local/bin:/usr/local/sbin:/usr/local/bin:/usr/sbin:/usr/bin:/sbin:/bin:/usr/games:/usr/local/games:/snap/bin

Yarn version: 
  1.3.2

Node version: 
  8.9.3

Platform: 
  linux x64

npm manifest: 
  {
    "name": "@bauxite/launcher-cli",
    "version": "0.0.0",
    "dependencies": {
      /*"@bauxite/minecraft-assets": "^0.0.0",
      "@bauxite/minecraft-installer": "^0.0.0"*/
    }
  }

yarn manifest: 
  No manifest

Lockfile: 
  No lockfile

Trace: 
  SyntaxError: /home/jim/dev/bauxite/packages/launcher-cli/package.json: Unexpected token / in JSON at position 83
      at JSON.parse (<anonymous>)
      at /usr/share/yarn/lib/cli.js:770:59
      at Generator.next (<anonymous>)
      at step (/usr/share/yarn/lib/cli.js:92:30)
      at /usr/share/yarn/lib/cli.js:103:13
      at <anonymous>
